<?xml version="1.0" encoding="UTF-8"?>
<!-- Generated by org.testng.reporters.JUnitXMLReporter -->
<testsuite ignored="0" hostname="Geetha" failures="0" tests="4" name="Test" time="21.125" errors="0" timestamp="2023-07-24T12:43:48 IST">
  <testcase classname="tests.FourTest" name="testFour" time="6.762"/>
  <testcase classname="tests.TwoTest" name="testTwo" time="4.186"/>
  <testcase classname="tests.LoginTest" name="login" time="4.025"/>
  <testcase classname="tests.ThreeTest" name="testFour" time="3.936"/>
</testsuite> <!-- Test -->
